<?xml version="1.0" encoding="UTF-8"?>
<!-- Generated by org.testng.reporters.JUnitReportReporter -->
<testsuite skipped="0" hostname="ADBIN0257" name="LoginTest" tests="2" failures="0" timestamp="26 Jul 2019 06:30:09 GMT" time="19.157" errors="0">
  <testcase name="loginwithValidData" time="10.340" classname="LoginTest"/>
  <testcase name="loginwithInvalidData" time="8.817" classname="LoginTest"/>
</testsuite> <!-- LoginTest -->
